{"name": "test_transfer_funds", "status": "failed", "statusDetails": {"message": "AssertionError: Login failed - Accounts Overview page not found\nassert False\n +  where False = is_login_successful()\n +    where is_login_successful = <pages.login_page.LoginPage object at 0x00000205E9E5FAD0>.is_login_successful", "trace": "@allure.feature(\"Transfer Feature\")\n    @allure.story(\"User transfers funds successfully\")\n    def test_transfer_funds():\n        driver = get_driver()\n        login_page = LoginPage(driver)\n        transfer_page = TransferPage(driver)\n    \n        try:\n            with allure.step(\"Open ParaBank login page and log in\"):\n                driver.get(\"https://parabank.parasoft.com/parabank/index.htm\")\n                login_page.login(\"bibinbiju\", \"1234\")\n>               assert login_page.is_login_successful(), \"Login failed - Accounts Overview page not found\"\nE               AssertionError: Login failed - Accounts Overview page not found\nE               assert False\nE                +  where False = is_login_successful()\nE                +    where is_login_successful = <pages.login_page.LoginPage object at 0x00000205E9E5FAD0>.is_login_successful\n\ntests\\test_transfer.py:18: AssertionError"}, "steps": [{"name": "Open ParaBank login page and log in", "status": "failed", "statusDetails": {"message": "AssertionError: Login failed - Accounts Overview page not found\nassert False\n +  where False = is_login_successful()\n +    where is_login_successful = <pages.login_page.LoginPage object at 0x00000205E9E5FAD0>.is_login_successful\n", "trace": "  File \"C:\\Users\\bibin\\Desktop\\ParaBankAutomation\\tests\\test_transfer.py\", line 18, in test_transfer_funds\n    assert login_page.is_login_successful(), \"Login failed - Accounts Overview page not found\"\n"}, "start": 1730644482001, "stop": 1730644483577}], "start": 1730644480553, "stop": 1730644485697, "uuid": "1cc4b7d3-1a80-44c7-8e6a-8bb0c739aba6", "historyId": "cba71d48f2dfd308dd772adba322a7fd", "testCaseId": "cba71d48f2dfd308dd772adba322a7fd", "fullName": "tests.test_transfer#test_transfer_funds", "labels": [{"name": "feature", "value": "Transfer Feature"}, {"name": "story", "value": "User transfers funds successfully"}, {"name": "parentSuite", "value": "tests"}, {"name": "suite", "value": "test_transfer"}, {"name": "host", "value": "TheMachine"}, {"name": "thread", "value": "9068-MainThread"}, {"name": "framework", "value": "pytest"}, {"name": "language", "value": "cpython3"}, {"name": "package", "value": "tests.test_transfer"}]}