{"uid":"6e697c100cceca4c","name":"test_login_to_parabank","fullName":"tests.test_login#test_login_to_parabank","historyId":"cf28e23b6ebf2465bf290dd2982b2606","time":{"start":1730644475262,"stop":1730644480496,"duration":5234},"status":"failed","statusMessage":"AssertionError: Login failed - Accounts Overview page not found\nassert False\n +  where False = is_login_successful()\n +    where is_login_successful = <pages.login_page.LoginPage object at 0x00000205E93E5010>.is_login_successful","statusTrace":"@allure.feature(\"Login Feature\")\n    @allure.story(\"User logs in successfully\")\n    def test_login_to_parabank():\n        driver = get_driver()\n        login_page = LoginPage(driver)\n        try:\n            with allure.step(\"Open ParaBank login page\"):\n                driver.get(\"https://parabank.parasoft.com/parabank/index.htm\")\n    \n            with allure.step(\"Enter login credentials and submit\"):\n                login_page.login(\"bibinbiju\", \"1234\")\n    \n            with allure.step(\"Verify login success\"):\n>               assert login_page.is_login_successful(), \"Login failed - Accounts Overview page not found\"\nE               AssertionError: Login failed - Accounts Overview page not found\nE               assert False\nE                +  where False = is_login_successful()\nE                +    where is_login_successful = <pages.login_page.LoginPage object at 0x00000205E93E5010>.is_login_successful\n\ntests\\test_login.py:19: AssertionError","flaky":false,"newFailed":false,"newBroken":false,"newPassed":false,"retriesCount":0,"retriesStatusChange":false,"beforeStages":[],"testStage":{"status":"failed","statusMessage":"AssertionError: Login failed - Accounts Overview page not found\nassert False\n +  where False = is_login_successful()\n +    where is_login_successful = <pages.login_page.LoginPage object at 0x00000205E93E5010>.is_login_successful","statusTrace":"@allure.feature(\"Login Feature\")\n    @allure.story(\"User logs in successfully\")\n    def test_login_to_parabank():\n        driver = get_driver()\n        login_page = LoginPage(driver)\n        try:\n            with allure.step(\"Open ParaBank login page\"):\n                driver.get(\"https://parabank.parasoft.com/parabank/index.htm\")\n    \n            with allure.step(\"Enter login credentials and submit\"):\n                login_page.login(\"bibinbiju\", \"1234\")\n    \n            with allure.step(\"Verify login success\"):\n>               assert login_page.is_login_successful(), \"Login failed - Accounts Overview page not found\"\nE               AssertionError: Login failed - Accounts Overview page not found\nE               assert False\nE                +  where False = is_login_successful()\nE                +    where is_login_successful = <pages.login_page.LoginPage object at 0x00000205E93E5010>.is_login_successful\n\ntests\\test_login.py:19: AssertionError","steps":[{"name":"Open ParaBank login page","time":{"start":1730644476728,"stop":1730644477856,"duration":1128},"status":"passed","steps":[],"attachments":[],"parameters":[],"attachmentStep":false,"stepsCount":0,"shouldDisplayMessage":false,"attachmentsCount":0,"hasContent":false},{"name":"Enter login credentials and submit","time":{"start":1730644477856,"stop":1730644478244,"duration":388},"status":"passed","steps":[],"attachments":[],"parameters":[],"attachmentStep":false,"stepsCount":0,"shouldDisplayMessage":false,"attachmentsCount":0,"hasContent":false},{"name":"Verify login success","time":{"start":1730644478244,"stop":1730644478349,"duration":105},"status":"failed","statusMessage":"AssertionError: Login failed - Accounts Overview page not found\nassert False\n +  where False = is_login_successful()\n +    where is_login_successful = <pages.login_page.LoginPage object at 0x00000205E93E5010>.is_login_successful\n","statusTrace":"  File \"C:\\Users\\bibin\\Desktop\\ParaBankAutomation\\tests\\test_login.py\", line 19, in test_login_to_parabank\n    assert login_page.is_login_successful(), \"Login failed - Accounts Overview page not found\"\n","steps":[],"attachments":[],"parameters":[],"attachmentStep":false,"stepsCount":0,"shouldDisplayMessage":true,"attachmentsCount":0,"hasContent":true}],"attachments":[],"parameters":[],"attachmentStep":false,"stepsCount":3,"shouldDisplayMessage":true,"attachmentsCount":0,"hasContent":true},"afterStages":[],"labels":[{"name":"story","value":"User logs in successfully"},{"name":"feature","value":"Login Feature"},{"name":"parentSuite","value":"tests"},{"name":"suite","value":"test_login"},{"name":"host","value":"TheMachine"},{"name":"thread","value":"9068-MainThread"},{"name":"framework","value":"pytest"},{"name":"language","value":"cpython3"},{"name":"package","value":"tests.test_login"},{"name":"resultFormat","value":"allure2"}],"parameters":[],"links":[],"hidden":false,"retry":false,"extra":{"severity":"normal","retries":[],"categories":[{"name":"Product defects","matchedStatuses":[],"flaky":false}],"tags":[]},"source":"6e697c100cceca4c.json","parameterValues":[]}